<?xml version="1.0" encoding="UTF-8"?>
<testsuite xmlns:xsi="http://www.w3.org/2001/XMLSchema-instance" xsi:noNamespaceSchemaLocation="https://maven.apache.org/surefire/maven-surefire-plugin/xsd/surefire-test-report.xsd" name="pack.pb.entity.implementation.PhoneBookImplTest" time="0.017" tests="4" errors="0" skipped="0" failures="0">
  <properties>
[...]
</properties>
  <testcase name="testItem1" classname="pack.pb.entity.implementation.PhoneBookImplTest" time="0.007"/>
  <testcase name="testItem2" classname="pack.pb.entity.implementation.PhoneBookImplTest" time="0.001"/>
  <testcase name="testItem3" classname="pack.pb.entity.implementation.PhoneBookImplTest" time="0.001"/>
  <testcase name="testItemAbsence" classname="pack.pb.entity.implementation.PhoneBookImplTest" time="0.003"/>
</testsuite>